<?xml version="1.0" encoding="UTF-8"?>
<!-- Generated by org.testng.reporters.JUnitReportReporter -->
<testsuite hostname="SosoOthman" failures="0" tests="6" name="SwagLabAutomation.SwagLabAutomation.AppTest" time="11.252" errors="0" timestamp="2025-06-24T03:29:06 PDT" skipped="0">
  <testcase classname="SwagLabAutomation.SwagLabAutomation.AppTest" name="LogIn" time="5.374"/>
  <testcase classname="SwagLabAutomation.SwagLabAutomation.AppTest" name="AddToCartButtons" time="0.343"/>
  <testcase classname="SwagLabAutomation.SwagLabAutomation.AppTest" name="RemoveButtons" time="5.312"/>
  <testcase classname="SwagLabAutomation.SwagLabAutomation.AppTest" name="Items" time="0.086"/>
  <testcase classname="SwagLabAutomation.SwagLabAutomation.AppTest" name="PrintTheLetterT" time="0.071"/>
  <testcase classname="SwagLabAutomation.SwagLabAutomation.AppTest" name="PrintTheNamed" time="0.066"/>
</testsuite> <!-- SwagLabAutomation.SwagLabAutomation.AppTest -->
